[2025-05-07 18:33:08,978] INFO [Broker id=1] Transitioning 52 partition(s) to local followers. (state.change.logger)
[2025-05-07 18:33:08,983] INFO [Broker id=1] Creating new partition __consumer_offsets-13 with topic id fg2oiDDySsuu-0frRF1l5A. (state.change.logger)
[2025-05-07 18:33:09,026] INFO [Broker id=1] Follower __consumer_offsets-13 starts at leader epoch 1 from offset 0 with partition epoch 1 and high watermark 0. Current leader is -1. Previous leader Some(-1) and previous leader epoch was 1. (state.change.logger)
[2025-05-07 18:33:09,026] INFO [Broker id=1] Creating new partition __consumer_offsets-46 with topic id fg2oiDDySsuu-0frRF1l5A. (state.change.logger)
[2025-05-07 18:33:09,029] INFO [Broker id=1] Follower __consumer_offsets-46 starts at leader epoch 1 from offset 0 with partition epoch 1 and high watermark 0. Current leader is -1. Previous leader Some(-1) and previous leader epoch was 1. (state.change.logger)
[2025-05-07 18:33:09,029] INFO [Broker id=1] Creating new partition __consumer_offsets-9 with topic id fg2oiDDySsuu-0frRF1l5A. (state.change.logger)
[2025-05-07 18:33:09,030] INFO [Broker id=1] Follower __consumer_offsets-9 starts at leader epoch 1 from offset 0 with partition epoch 1 and high watermark 0. Current leader is -1. Previous leader Some(-1) and previous leader epoch was 1. (state.change.logger)
[2025-05-07 18:33:09,031] INFO [Broker id=1] Creating new partition __consumer_offsets-42 with topic id fg2oiDDySsuu-0frRF1l5A. (state.change.logger)
[2025-05-07 18:33:09,032] INFO [Broker id=1] Follower __consumer_offsets-42 starts at leader epoch 1 from offset 0 with partition epoch 1 and high watermark 0. Current leader is -1. Previous leader Some(-1) and previous leader epoch was 1. (state.change.logger)
[2025-05-07 18:33:09,032] INFO [Broker id=1] Creating new partition __consumer_offsets-21 with topic id fg2oiDDySsuu-0frRF1l5A. (state.change.logger)
[2025-05-07 18:33:09,034] INFO [Broker id=1] Follower __consumer_offsets-21 starts at leader epoch 1 from offset 0 with partition epoch 1 and high watermark 0. Current leader is -1. Previous leader Some(-1) and previous leader epoch was 1. (state.change.logger)
[2025-05-07 18:33:09,034] INFO [Broker id=1] Creating new partition transactions-output-0 with topic id unvNOsUjQ5mEMYA11Y34AQ. (state.change.logger)
[2025-05-07 18:33:09,037] INFO [Broker id=1] Follower transactions-output-0 starts at leader epoch 1 from offset 6 with partition epoch 1 and high watermark 6. Current leader is -1. Previous leader Some(-1) and previous leader epoch was 1. (state.change.logger)
[2025-05-07 18:33:09,037] INFO [Broker id=1] Creating new partition __consumer_offsets-17 with topic id fg2oiDDySsuu-0frRF1l5A. (state.change.logger)
[2025-05-07 18:33:09,039] INFO [Broker id=1] Follower __consumer_offsets-17 starts at leader epoch 1 from offset 0 with partition epoch 1 and high watermark 0. Current leader is -1. Previous leader Some(-1) and previous leader epoch was 1. (state.change.logger)
[2025-05-07 18:33:09,040] INFO [Broker id=1] Creating new partition __consumer_offsets-30 with topic id fg2oiDDySsuu-0frRF1l5A. (state.change.logger)
[2025-05-07 18:33:09,042] INFO [Broker id=1] Follower __consumer_offsets-30 starts at leader epoch 1 from offset 0 with partition epoch 1 and high watermark 0. Current leader is -1. Previous leader Some(-1) and previous leader epoch was 1. (state.change.logger)
[2025-05-07 18:33:09,042] INFO [Broker id=1] Creating new partition __consumer_offsets-26 with topic id fg2oiDDySsuu-0frRF1l5A. (state.change.logger)
[2025-05-07 18:33:09,044] INFO [Broker id=1] Follower __consumer_offsets-26 starts at leader epoch 1 from offset 0 with partition epoch 1 and high watermark 0. Current leader is -1. Previous leader Some(-1) and previous leader epoch was 1. (state.change.logger)
[2025-05-07 18:33:09,044] INFO [Broker id=1] Creating new partition __consumer_offsets-5 with topic id fg2oiDDySsuu-0frRF1l5A. (state.change.logger)
[2025-05-07 18:33:09,045] INFO [Broker id=1] Follower __consumer_offsets-5 starts at leader epoch 1 from offset 0 with partition epoch 1 and high watermark 0. Current leader is -1. Previous leader Some(-1) and previous leader epoch was 1. (state.change.logger)
[2025-05-07 18:33:09,046] INFO [Broker id=1] Creating new partition __consumer_offsets-38 with topic id fg2oiDDySsuu-0frRF1l5A. (state.change.logger)
[2025-05-07 18:33:09,048] INFO [Broker id=1] Follower __consumer_offsets-38 starts at leader epoch 1 from offset 0 with partition epoch 1 and high watermark 0. Current leader is -1. Previous leader Some(-1) and previous leader epoch was 1. (state.change.logger)
[2025-05-07 18:33:09,049] INFO [Broker id=1] Creating new partition __consumer_offsets-1 with topic id fg2oiDDySsuu-0frRF1l5A. (state.change.logger)
[2025-05-07 18:33:09,050] INFO [Broker id=1] Follower __consumer_offsets-1 starts at leader epoch 1 from offset 0 with partition epoch 1 and high watermark 0. Current leader is -1. Previous leader Some(-1) and previous leader epoch was 1. (state.change.logger)
[2025-05-07 18:33:09,051] INFO [Broker id=1] Creating new partition __consumer_offsets-34 with topic id fg2oiDDySsuu-0frRF1l5A. (state.change.logger)
[2025-05-07 18:33:09,052] INFO [Broker id=1] Follower __consumer_offsets-34 starts at leader epoch 1 from offset 0 with partition epoch 1 and high watermark 0. Current leader is -1. Previous leader Some(-1) and previous leader epoch was 1. (state.change.logger)
[2025-05-07 18:33:09,052] INFO [Broker id=1] Creating new partition __consumer_offsets-16 with topic id fg2oiDDySsuu-0frRF1l5A. (state.change.logger)
[2025-05-07 18:33:09,054] INFO [Broker id=1] Follower __consumer_offsets-16 starts at leader epoch 1 from offset 0 with partition epoch 1 and high watermark 0. Current leader is -1. Previous leader Some(-1) and previous leader epoch was 1. (state.change.logger)
[2025-05-07 18:33:09,054] INFO [Broker id=1] Creating new partition __consumer_offsets-45 with topic id fg2oiDDySsuu-0frRF1l5A. (state.change.logger)
[2025-05-07 18:33:09,056] INFO [Broker id=1] Follower __consumer_offsets-45 starts at leader epoch 1 from offset 0 with partition epoch 1 and high watermark 0. Current leader is -1. Previous leader Some(-1) and previous leader epoch was 1. (state.change.logger)
[2025-05-07 18:33:09,056] INFO [Broker id=1] Creating new partition __consumer_offsets-12 with topic id fg2oiDDySsuu-0frRF1l5A. (state.change.logger)
[2025-05-07 18:33:09,058] INFO [Broker id=1] Follower __consumer_offsets-12 starts at leader epoch 1 from offset 0 with partition epoch 1 and high watermark 0. Current leader is -1. Previous leader Some(-1) and previous leader epoch was 1. (state.change.logger)
[2025-05-07 18:33:09,058] INFO [Broker id=1] Creating new partition __consumer_offsets-41 with topic id fg2oiDDySsuu-0frRF1l5A. (state.change.logger)
[2025-05-07 18:33:09,060] INFO [Broker id=1] Follower __consumer_offsets-41 starts at leader epoch 1 from offset 0 with partition epoch 1 and high watermark 0. Current leader is -1. Previous leader Some(-1) and previous leader epoch was 1. (state.change.logger)
[2025-05-07 18:33:09,060] INFO [Broker id=1] Creating new partition __consumer_offsets-24 with topic id fg2oiDDySsuu-0frRF1l5A. (state.change.logger)
[2025-05-07 18:33:09,062] INFO [Broker id=1] Follower __consumer_offsets-24 starts at leader epoch 1 from offset 0 with partition epoch 1 and high watermark 0. Current leader is -1. Previous leader Some(-1) and previous leader epoch was 1. (state.change.logger)
[2025-05-07 18:33:09,062] INFO [Broker id=1] Creating new partition __consumer_offsets-20 with topic id fg2oiDDySsuu-0frRF1l5A. (state.change.logger)
[2025-05-07 18:33:09,063] INFO [Broker id=1] Follower __consumer_offsets-20 starts at leader epoch 1 from offset 0 with partition epoch 1 and high watermark 0. Current leader is -1. Previous leader Some(-1) and previous leader epoch was 1. (state.change.logger)
[2025-05-07 18:33:09,063] INFO [Broker id=1] Creating new partition __consumer_offsets-49 with topic id fg2oiDDySsuu-0frRF1l5A. (state.change.logger)
[2025-05-07 18:33:09,065] INFO [Broker id=1] Follower __consumer_offsets-49 starts at leader epoch 1 from offset 0 with partition epoch 1 and high watermark 0. Current leader is -1. Previous leader Some(-1) and previous leader epoch was 1. (state.change.logger)
[2025-05-07 18:33:09,065] INFO [Broker id=1] Creating new partition __consumer_offsets-0 with topic id fg2oiDDySsuu-0frRF1l5A. (state.change.logger)
[2025-05-07 18:33:09,067] INFO [Broker id=1] Follower __consumer_offsets-0 starts at leader epoch 1 from offset 0 with partition epoch 1 and high watermark 0. Current leader is -1. Previous leader Some(-1) and previous leader epoch was 1. (state.change.logger)
[2025-05-07 18:33:09,067] INFO [Broker id=1] Creating new partition __consumer_offsets-29 with topic id fg2oiDDySsuu-0frRF1l5A. (state.change.logger)
[2025-05-07 18:33:09,069] INFO [Broker id=1] Follower __consumer_offsets-29 starts at leader epoch 1 from offset 0 with partition epoch 1 and high watermark 0. Current leader is -1. Previous leader Some(-1) and previous leader epoch was 1. (state.change.logger)
[2025-05-07 18:33:09,069] INFO [Broker id=1] Creating new partition transactions-input-0 with topic id fEMN2n5HQsyAQ7Fi-1oeGg. (state.change.logger)
[2025-05-07 18:33:09,071] INFO [Broker id=1] Follower transactions-input-0 starts at leader epoch 1 from offset 7 with partition epoch 1 and high watermark 7. Current leader is -1. Previous leader Some(-1) and previous leader epoch was 1. (state.change.logger)
[2025-05-07 18:33:09,071] INFO [Broker id=1] Creating new partition __consumer_offsets-25 with topic id fg2oiDDySsuu-0frRF1l5A. (state.change.logger)
[2025-05-07 18:33:09,072] INFO [Broker id=1] Follower __consumer_offsets-25 starts at leader epoch 1 from offset 0 with partition epoch 1 and high watermark 0. Current leader is -1. Previous leader Some(-1) and previous leader epoch was 1. (state.change.logger)
[2025-05-07 18:33:09,073] INFO [Broker id=1] Creating new partition __consumer_offsets-8 with topic id fg2oiDDySsuu-0frRF1l5A. (state.change.logger)
[2025-05-07 18:33:09,074] INFO [Broker id=1] Follower __consumer_offsets-8 starts at leader epoch 1 from offset 0 with partition epoch 1 and high watermark 0. Current leader is -1. Previous leader Some(-1) and previous leader epoch was 1. (state.change.logger)
[2025-05-07 18:33:09,074] INFO [Broker id=1] Creating new partition __consumer_offsets-37 with topic id fg2oiDDySsuu-0frRF1l5A. (state.change.logger)
[2025-05-07 18:33:09,076] INFO [Broker id=1] Follower __consumer_offsets-37 starts at leader epoch 1 from offset 0 with partition epoch 1 and high watermark 0. Current leader is -1. Previous leader Some(-1) and previous leader epoch was 1. (state.change.logger)
[2025-05-07 18:33:09,076] INFO [Broker id=1] Creating new partition __consumer_offsets-4 with topic id fg2oiDDySsuu-0frRF1l5A. (state.change.logger)
[2025-05-07 18:33:09,077] INFO [Broker id=1] Follower __consumer_offsets-4 starts at leader epoch 1 from offset 0 with partition epoch 1 and high watermark 0. Current leader is -1. Previous leader Some(-1) and previous leader epoch was 1. (state.change.logger)
[2025-05-07 18:33:09,077] INFO [Broker id=1] Creating new partition __consumer_offsets-33 with topic id fg2oiDDySsuu-0frRF1l5A. (state.change.logger)
[2025-05-07 18:33:09,079] INFO [Broker id=1] Follower __consumer_offsets-33 starts at leader epoch 1 from offset 0 with partition epoch 1 and high watermark 0. Current leader is -1. Previous leader Some(-1) and previous leader epoch was 1. (state.change.logger)
[2025-05-07 18:33:09,079] INFO [Broker id=1] Creating new partition __consumer_offsets-15 with topic id fg2oiDDySsuu-0frRF1l5A. (state.change.logger)
[2025-05-07 18:33:09,081] INFO [Broker id=1] Follower __consumer_offsets-15 starts at leader epoch 1 from offset 0 with partition epoch 1 and high watermark 0. Current leader is -1. Previous leader Some(-1) and previous leader epoch was 1. (state.change.logger)
[2025-05-07 18:33:09,081] INFO [Broker id=1] Creating new partition __consumer_offsets-48 with topic id fg2oiDDySsuu-0frRF1l5A. (state.change.logger)
[2025-05-07 18:33:09,082] INFO [Broker id=1] Follower __consumer_offsets-48 starts at leader epoch 1 from offset 0 with partition epoch 1 and high watermark 0. Current leader is -1. Previous leader Some(-1) and previous leader epoch was 1. (state.change.logger)
[2025-05-07 18:33:09,083] INFO [Broker id=1] Creating new partition __consumer_offsets-11 with topic id fg2oiDDySsuu-0frRF1l5A. (state.change.logger)
[2025-05-07 18:33:09,084] INFO [Broker id=1] Follower __consumer_offsets-11 starts at leader epoch 1 from offset 0 with partition epoch 1 and high watermark 0. Current leader is -1. Previous leader Some(-1) and previous leader epoch was 1. (state.change.logger)
[2025-05-07 18:33:09,084] INFO [Broker id=1] Creating new partition __consumer_offsets-44 with topic id fg2oiDDySsuu-0frRF1l5A. (state.change.logger)
[2025-05-07 18:33:09,086] INFO [Broker id=1] Follower __consumer_offsets-44 starts at leader epoch 1 from offset 0 with partition epoch 1 and high watermark 0. Current leader is -1. Previous leader Some(-1) and previous leader epoch was 1. (state.change.logger)
[2025-05-07 18:33:09,086] INFO [Broker id=1] Creating new partition __consumer_offsets-23 with topic id fg2oiDDySsuu-0frRF1l5A. (state.change.logger)
[2025-05-07 18:33:09,088] INFO [Broker id=1] Follower __consumer_offsets-23 starts at leader epoch 1 from offset 0 with partition epoch 1 and high watermark 0. Current leader is -1. Previous leader Some(-1) and previous leader epoch was 1. (state.change.logger)
[2025-05-07 18:33:09,088] INFO [Broker id=1] Creating new partition __consumer_offsets-19 with topic id fg2oiDDySsuu-0frRF1l5A. (state.change.logger)
[2025-05-07 18:33:09,089] INFO [Broker id=1] Follower __consumer_offsets-19 starts at leader epoch 1 from offset 0 with partition epoch 1 and high watermark 0. Current leader is -1. Previous leader Some(-1) and previous leader epoch was 1. (state.change.logger)
[2025-05-07 18:33:09,089] INFO [Broker id=1] Creating new partition __consumer_offsets-32 with topic id fg2oiDDySsuu-0frRF1l5A. (state.change.logger)
[2025-05-07 18:33:09,091] INFO [Broker id=1] Follower __consumer_offsets-32 starts at leader epoch 1 from offset 0 with partition epoch 1 and high watermark 0. Current leader is -1. Previous leader Some(-1) and previous leader epoch was 1. (state.change.logger)
[2025-05-07 18:33:09,091] INFO [Broker id=1] Creating new partition __consumer_offsets-28 with topic id fg2oiDDySsuu-0frRF1l5A. (state.change.logger)
[2025-05-07 18:33:09,093] INFO [Broker id=1] Follower __consumer_offsets-28 starts at leader epoch 1 from offset 0 with partition epoch 1 and high watermark 0. Current leader is -1. Previous leader Some(-1) and previous leader epoch was 1. (state.change.logger)
[2025-05-07 18:33:09,093] INFO [Broker id=1] Creating new partition __consumer_offsets-7 with topic id fg2oiDDySsuu-0frRF1l5A. (state.change.logger)
[2025-05-07 18:33:09,094] INFO [Broker id=1] Follower __consumer_offsets-7 starts at leader epoch 1 from offset 0 with partition epoch 1 and high watermark 0. Current leader is -1. Previous leader Some(-1) and previous leader epoch was 1. (state.change.logger)
[2025-05-07 18:33:09,095] INFO [Broker id=1] Creating new partition __consumer_offsets-40 with topic id fg2oiDDySsuu-0frRF1l5A. (state.change.logger)
[2025-05-07 18:33:09,096] INFO [Broker id=1] Follower __consumer_offsets-40 starts at leader epoch 1 from offset 7 with partition epoch 1 and high watermark 7. Current leader is -1. Previous leader Some(-1) and previous leader epoch was 1. (state.change.logger)
[2025-05-07 18:33:09,096] INFO [Broker id=1] Creating new partition __consumer_offsets-3 with topic id fg2oiDDySsuu-0frRF1l5A. (state.change.logger)
[2025-05-07 18:33:09,098] INFO [Broker id=1] Follower __consumer_offsets-3 starts at leader epoch 1 from offset 0 with partition epoch 1 and high watermark 0. Current leader is -1. Previous leader Some(-1) and previous leader epoch was 1. (state.change.logger)
[2025-05-07 18:33:09,098] INFO [Broker id=1] Creating new partition __consumer_offsets-36 with topic id fg2oiDDySsuu-0frRF1l5A. (state.change.logger)
[2025-05-07 18:33:09,099] INFO [Broker id=1] Follower __consumer_offsets-36 starts at leader epoch 1 from offset 0 with partition epoch 1 and high watermark 0. Current leader is -1. Previous leader Some(-1) and previous leader epoch was 1. (state.change.logger)
[2025-05-07 18:33:09,100] INFO [Broker id=1] Creating new partition __consumer_offsets-47 with topic id fg2oiDDySsuu-0frRF1l5A. (state.change.logger)
[2025-05-07 18:33:09,101] INFO [Broker id=1] Follower __consumer_offsets-47 starts at leader epoch 1 from offset 0 with partition epoch 1 and high watermark 0. Current leader is -1. Previous leader Some(-1) and previous leader epoch was 1. (state.change.logger)
[2025-05-07 18:33:09,101] INFO [Broker id=1] Creating new partition __consumer_offsets-14 with topic id fg2oiDDySsuu-0frRF1l5A. (state.change.logger)
[2025-05-07 18:33:09,102] INFO [Broker id=1] Follower __consumer_offsets-14 starts at leader epoch 1 from offset 0 with partition epoch 1 and high watermark 0. Current leader is -1. Previous leader Some(-1) and previous leader epoch was 1. (state.change.logger)
[2025-05-07 18:33:09,103] INFO [Broker id=1] Creating new partition __consumer_offsets-43 with topic id fg2oiDDySsuu-0frRF1l5A. (state.change.logger)
[2025-05-07 18:33:09,104] INFO [Broker id=1] Follower __consumer_offsets-43 starts at leader epoch 1 from offset 0 with partition epoch 1 and high watermark 0. Current leader is -1. Previous leader Some(-1) and previous leader epoch was 1. (state.change.logger)
[2025-05-07 18:33:09,104] INFO [Broker id=1] Creating new partition __consumer_offsets-10 with topic id fg2oiDDySsuu-0frRF1l5A. (state.change.logger)
[2025-05-07 18:33:09,106] INFO [Broker id=1] Follower __consumer_offsets-10 starts at leader epoch 1 from offset 0 with partition epoch 1 and high watermark 0. Current leader is -1. Previous leader Some(-1) and previous leader epoch was 1. (state.change.logger)
[2025-05-07 18:33:09,106] INFO [Broker id=1] Creating new partition __consumer_offsets-22 with topic id fg2oiDDySsuu-0frRF1l5A. (state.change.logger)
[2025-05-07 18:33:09,107] INFO [Broker id=1] Follower __consumer_offsets-22 starts at leader epoch 1 from offset 0 with partition epoch 1 and high watermark 0. Current leader is -1. Previous leader Some(-1) and previous leader epoch was 1. (state.change.logger)
[2025-05-07 18:33:09,107] INFO [Broker id=1] Creating new partition __consumer_offsets-18 with topic id fg2oiDDySsuu-0frRF1l5A. (state.change.logger)
[2025-05-07 18:33:09,109] INFO [Broker id=1] Follower __consumer_offsets-18 starts at leader epoch 1 from offset 0 with partition epoch 1 and high watermark 0. Current leader is -1. Previous leader Some(-1) and previous leader epoch was 1. (state.change.logger)
[2025-05-07 18:33:09,109] INFO [Broker id=1] Creating new partition __consumer_offsets-31 with topic id fg2oiDDySsuu-0frRF1l5A. (state.change.logger)
[2025-05-07 18:33:09,111] INFO [Broker id=1] Follower __consumer_offsets-31 starts at leader epoch 1 from offset 0 with partition epoch 1 and high watermark 0. Current leader is -1. Previous leader Some(-1) and previous leader epoch was 1. (state.change.logger)
[2025-05-07 18:33:09,111] INFO [Broker id=1] Creating new partition __consumer_offsets-27 with topic id fg2oiDDySsuu-0frRF1l5A. (state.change.logger)
[2025-05-07 18:33:09,113] INFO [Broker id=1] Follower __consumer_offsets-27 starts at leader epoch 1 from offset 0 with partition epoch 1 and high watermark 0. Current leader is -1. Previous leader Some(-1) and previous leader epoch was 1. (state.change.logger)
[2025-05-07 18:33:09,113] INFO [Broker id=1] Creating new partition __consumer_offsets-39 with topic id fg2oiDDySsuu-0frRF1l5A. (state.change.logger)
[2025-05-07 18:33:09,115] INFO [Broker id=1] Follower __consumer_offsets-39 starts at leader epoch 1 from offset 2 with partition epoch 1 and high watermark 2. Current leader is -1. Previous leader Some(-1) and previous leader epoch was 1. (state.change.logger)
[2025-05-07 18:33:09,115] INFO [Broker id=1] Creating new partition __consumer_offsets-6 with topic id fg2oiDDySsuu-0frRF1l5A. (state.change.logger)
[2025-05-07 18:33:09,116] INFO [Broker id=1] Follower __consumer_offsets-6 starts at leader epoch 1 from offset 0 with partition epoch 1 and high watermark 0. Current leader is -1. Previous leader Some(-1) and previous leader epoch was 1. (state.change.logger)
[2025-05-07 18:33:09,117] INFO [Broker id=1] Creating new partition __consumer_offsets-35 with topic id fg2oiDDySsuu-0frRF1l5A. (state.change.logger)
[2025-05-07 18:33:09,118] INFO [Broker id=1] Follower __consumer_offsets-35 starts at leader epoch 1 from offset 0 with partition epoch 1 and high watermark 0. Current leader is -1. Previous leader Some(-1) and previous leader epoch was 1. (state.change.logger)
[2025-05-07 18:33:09,118] INFO [Broker id=1] Creating new partition __consumer_offsets-2 with topic id fg2oiDDySsuu-0frRF1l5A. (state.change.logger)
[2025-05-07 18:33:09,120] INFO [Broker id=1] Follower __consumer_offsets-2 starts at leader epoch 1 from offset 0 with partition epoch 1 and high watermark 0. Current leader is -1. Previous leader Some(-1) and previous leader epoch was 1. (state.change.logger)
[2025-05-07 18:33:09,123] INFO [Broker id=1] Stopped fetchers as part of become-follower for 52 partitions (state.change.logger)
[2025-05-07 18:33:09,129] INFO [Broker id=1] Started fetchers as part of become-follower for 52 partitions (state.change.logger)
[2025-05-07 18:33:19,336] INFO [Broker id=1] Transitioning 52 partition(s) to local leaders. (state.change.logger)
[2025-05-07 18:33:19,356] INFO [Broker id=1] Leader __consumer_offsets-13 with topic id Some(fg2oiDDySsuu-0frRF1l5A) starts at leader epoch 2 from offset 0 with partition epoch 2, high watermark 0, ISR [1], adding replicas [] and removing replicas [] . Previous leader Some(-1) and previous leader epoch was 1. (state.change.logger)
[2025-05-07 18:33:19,363] INFO [Broker id=1] Leader __consumer_offsets-46 with topic id Some(fg2oiDDySsuu-0frRF1l5A) starts at leader epoch 2 from offset 0 with partition epoch 2, high watermark 0, ISR [1], adding replicas [] and removing replicas [] . Previous leader Some(-1) and previous leader epoch was 1. (state.change.logger)
[2025-05-07 18:33:19,367] INFO [Broker id=1] Leader __consumer_offsets-9 with topic id Some(fg2oiDDySsuu-0frRF1l5A) starts at leader epoch 2 from offset 0 with partition epoch 2, high watermark 0, ISR [1], adding replicas [] and removing replicas [] . Previous leader Some(-1) and previous leader epoch was 1. (state.change.logger)
[2025-05-07 18:33:19,371] INFO [Broker id=1] Leader __consumer_offsets-42 with topic id Some(fg2oiDDySsuu-0frRF1l5A) starts at leader epoch 2 from offset 0 with partition epoch 2, high watermark 0, ISR [1], adding replicas [] and removing replicas [] . Previous leader Some(-1) and previous leader epoch was 1. (state.change.logger)
[2025-05-07 18:33:19,375] INFO [Broker id=1] Leader __consumer_offsets-21 with topic id Some(fg2oiDDySsuu-0frRF1l5A) starts at leader epoch 2 from offset 0 with partition epoch 2, high watermark 0, ISR [1], adding replicas [] and removing replicas [] . Previous leader Some(-1) and previous leader epoch was 1. (state.change.logger)
[2025-05-07 18:33:19,380] INFO [Broker id=1] Leader transactions-output-0 with topic id Some(unvNOsUjQ5mEMYA11Y34AQ) starts at leader epoch 2 from offset 6 with partition epoch 2, high watermark 6, ISR [1], adding replicas [] and removing replicas [] . Previous leader Some(-1) and previous leader epoch was 1. (state.change.logger)
[2025-05-07 18:33:19,385] INFO [Broker id=1] Leader __consumer_offsets-17 with topic id Some(fg2oiDDySsuu-0frRF1l5A) starts at leader epoch 2 from offset 0 with partition epoch 2, high watermark 0, ISR [1], adding replicas [] and removing replicas [] . Previous leader Some(-1) and previous leader epoch was 1. (state.change.logger)
[2025-05-07 18:33:19,389] INFO [Broker id=1] Leader __consumer_offsets-30 with topic id Some(fg2oiDDySsuu-0frRF1l5A) starts at leader epoch 2 from offset 0 with partition epoch 2, high watermark 0, ISR [1], adding replicas [] and removing replicas [] . Previous leader Some(-1) and previous leader epoch was 1. (state.change.logger)
[2025-05-07 18:33:19,393] INFO [Broker id=1] Leader __consumer_offsets-26 with topic id Some(fg2oiDDySsuu-0frRF1l5A) starts at leader epoch 2 from offset 0 with partition epoch 2, high watermark 0, ISR [1], adding replicas [] and removing replicas [] . Previous leader Some(-1) and previous leader epoch was 1. (state.change.logger)
[2025-05-07 18:33:19,398] INFO [Broker id=1] Leader __consumer_offsets-5 with topic id Some(fg2oiDDySsuu-0frRF1l5A) starts at leader epoch 2 from offset 0 with partition epoch 2, high watermark 0, ISR [1], adding replicas [] and removing replicas [] . Previous leader Some(-1) and previous leader epoch was 1. (state.change.logger)
[2025-05-07 18:33:19,402] INFO [Broker id=1] Leader __consumer_offsets-38 with topic id Some(fg2oiDDySsuu-0frRF1l5A) starts at leader epoch 2 from offset 0 with partition epoch 2, high watermark 0, ISR [1], adding replicas [] and removing replicas [] . Previous leader Some(-1) and previous leader epoch was 1. (state.change.logger)
[2025-05-07 18:33:19,406] INFO [Broker id=1] Leader __consumer_offsets-1 with topic id Some(fg2oiDDySsuu-0frRF1l5A) starts at leader epoch 2 from offset 0 with partition epoch 2, high watermark 0, ISR [1], adding replicas [] and removing replicas [] . Previous leader Some(-1) and previous leader epoch was 1. (state.change.logger)
[2025-05-07 18:33:19,410] INFO [Broker id=1] Leader __consumer_offsets-34 with topic id Some(fg2oiDDySsuu-0frRF1l5A) starts at leader epoch 2 from offset 0 with partition epoch 2, high watermark 0, ISR [1], adding replicas [] and removing replicas [] . Previous leader Some(-1) and previous leader epoch was 1. (state.change.logger)
[2025-05-07 18:33:19,413] INFO [Broker id=1] Leader __consumer_offsets-16 with topic id Some(fg2oiDDySsuu-0frRF1l5A) starts at leader epoch 2 from offset 0 with partition epoch 2, high watermark 0, ISR [1], adding replicas [] and removing replicas [] . Previous leader Some(-1) and previous leader epoch was 1. (state.change.logger)
[2025-05-07 18:33:19,417] INFO [Broker id=1] Leader __consumer_offsets-45 with topic id Some(fg2oiDDySsuu-0frRF1l5A) starts at leader epoch 2 from offset 0 with partition epoch 2, high watermark 0, ISR [1], adding replicas [] and removing replicas [] . Previous leader Some(-1) and previous leader epoch was 1. (state.change.logger)
[2025-05-07 18:33:19,421] INFO [Broker id=1] Leader __consumer_offsets-12 with topic id Some(fg2oiDDySsuu-0frRF1l5A) starts at leader epoch 2 from offset 0 with partition epoch 2, high watermark 0, ISR [1], adding replicas [] and removing replicas [] . Previous leader Some(-1) and previous leader epoch was 1. (state.change.logger)
[2025-05-07 18:33:19,425] INFO [Broker id=1] Leader __consumer_offsets-41 with topic id Some(fg2oiDDySsuu-0frRF1l5A) starts at leader epoch 2 from offset 0 with partition epoch 2, high watermark 0, ISR [1], adding replicas [] and removing replicas [] . Previous leader Some(-1) and previous leader epoch was 1. (state.change.logger)
[2025-05-07 18:33:19,429] INFO [Broker id=1] Leader __consumer_offsets-24 with topic id Some(fg2oiDDySsuu-0frRF1l5A) starts at leader epoch 2 from offset 0 with partition epoch 2, high watermark 0, ISR [1], adding replicas [] and removing replicas [] . Previous leader Some(-1) and previous leader epoch was 1. (state.change.logger)
[2025-05-07 18:33:19,432] INFO [Broker id=1] Leader __consumer_offsets-20 with topic id Some(fg2oiDDySsuu-0frRF1l5A) starts at leader epoch 2 from offset 0 with partition epoch 2, high watermark 0, ISR [1], adding replicas [] and removing replicas [] . Previous leader Some(-1) and previous leader epoch was 1. (state.change.logger)
[2025-05-07 18:33:19,436] INFO [Broker id=1] Leader __consumer_offsets-49 with topic id Some(fg2oiDDySsuu-0frRF1l5A) starts at leader epoch 2 from offset 0 with partition epoch 2, high watermark 0, ISR [1], adding replicas [] and removing replicas [] . Previous leader Some(-1) and previous leader epoch was 1. (state.change.logger)
[2025-05-07 18:33:19,440] INFO [Broker id=1] Leader __consumer_offsets-0 with topic id Some(fg2oiDDySsuu-0frRF1l5A) starts at leader epoch 2 from offset 0 with partition epoch 2, high watermark 0, ISR [1], adding replicas [] and removing replicas [] . Previous leader Some(-1) and previous leader epoch was 1. (state.change.logger)
[2025-05-07 18:33:19,444] INFO [Broker id=1] Leader __consumer_offsets-29 with topic id Some(fg2oiDDySsuu-0frRF1l5A) starts at leader epoch 2 from offset 0 with partition epoch 2, high watermark 0, ISR [1], adding replicas [] and removing replicas [] . Previous leader Some(-1) and previous leader epoch was 1. (state.change.logger)
[2025-05-07 18:33:19,448] INFO [Broker id=1] Leader transactions-input-0 with topic id Some(fEMN2n5HQsyAQ7Fi-1oeGg) starts at leader epoch 2 from offset 7 with partition epoch 2, high watermark 7, ISR [1], adding replicas [] and removing replicas [] . Previous leader Some(-1) and previous leader epoch was 1. (state.change.logger)
[2025-05-07 18:33:19,452] INFO [Broker id=1] Leader __consumer_offsets-25 with topic id Some(fg2oiDDySsuu-0frRF1l5A) starts at leader epoch 2 from offset 0 with partition epoch 2, high watermark 0, ISR [1], adding replicas [] and removing replicas [] . Previous leader Some(-1) and previous leader epoch was 1. (state.change.logger)
[2025-05-07 18:33:19,456] INFO [Broker id=1] Leader __consumer_offsets-8 with topic id Some(fg2oiDDySsuu-0frRF1l5A) starts at leader epoch 2 from offset 0 with partition epoch 2, high watermark 0, ISR [1], adding replicas [] and removing replicas [] . Previous leader Some(-1) and previous leader epoch was 1. (state.change.logger)
[2025-05-07 18:33:19,460] INFO [Broker id=1] Leader __consumer_offsets-37 with topic id Some(fg2oiDDySsuu-0frRF1l5A) starts at leader epoch 2 from offset 0 with partition epoch 2, high watermark 0, ISR [1], adding replicas [] and removing replicas [] . Previous leader Some(-1) and previous leader epoch was 1. (state.change.logger)
[2025-05-07 18:33:19,464] INFO [Broker id=1] Leader __consumer_offsets-4 with topic id Some(fg2oiDDySsuu-0frRF1l5A) starts at leader epoch 2 from offset 0 with partition epoch 2, high watermark 0, ISR [1], adding replicas [] and removing replicas [] . Previous leader Some(-1) and previous leader epoch was 1. (state.change.logger)
[2025-05-07 18:33:19,468] INFO [Broker id=1] Leader __consumer_offsets-33 with topic id Some(fg2oiDDySsuu-0frRF1l5A) starts at leader epoch 2 from offset 0 with partition epoch 2, high watermark 0, ISR [1], adding replicas [] and removing replicas [] . Previous leader Some(-1) and previous leader epoch was 1. (state.change.logger)
[2025-05-07 18:33:19,472] INFO [Broker id=1] Leader __consumer_offsets-15 with topic id Some(fg2oiDDySsuu-0frRF1l5A) starts at leader epoch 2 from offset 0 with partition epoch 2, high watermark 0, ISR [1], adding replicas [] and removing replicas [] . Previous leader Some(-1) and previous leader epoch was 1. (state.change.logger)
[2025-05-07 18:33:19,476] INFO [Broker id=1] Leader __consumer_offsets-48 with topic id Some(fg2oiDDySsuu-0frRF1l5A) starts at leader epoch 2 from offset 0 with partition epoch 2, high watermark 0, ISR [1], adding replicas [] and removing replicas [] . Previous leader Some(-1) and previous leader epoch was 1. (state.change.logger)
[2025-05-07 18:33:19,480] INFO [Broker id=1] Leader __consumer_offsets-11 with topic id Some(fg2oiDDySsuu-0frRF1l5A) starts at leader epoch 2 from offset 0 with partition epoch 2, high watermark 0, ISR [1], adding replicas [] and removing replicas [] . Previous leader Some(-1) and previous leader epoch was 1. (state.change.logger)
[2025-05-07 18:33:19,484] INFO [Broker id=1] Leader __consumer_offsets-44 with topic id Some(fg2oiDDySsuu-0frRF1l5A) starts at leader epoch 2 from offset 0 with partition epoch 2, high watermark 0, ISR [1], adding replicas [] and removing replicas [] . Previous leader Some(-1) and previous leader epoch was 1. (state.change.logger)
[2025-05-07 18:33:19,488] INFO [Broker id=1] Leader __consumer_offsets-23 with topic id Some(fg2oiDDySsuu-0frRF1l5A) starts at leader epoch 2 from offset 0 with partition epoch 2, high watermark 0, ISR [1], adding replicas [] and removing replicas [] . Previous leader Some(-1) and previous leader epoch was 1. (state.change.logger)
[2025-05-07 18:33:19,492] INFO [Broker id=1] Leader __consumer_offsets-19 with topic id Some(fg2oiDDySsuu-0frRF1l5A) starts at leader epoch 2 from offset 0 with partition epoch 2, high watermark 0, ISR [1], adding replicas [] and removing replicas [] . Previous leader Some(-1) and previous leader epoch was 1. (state.change.logger)
[2025-05-07 18:33:19,496] INFO [Broker id=1] Leader __consumer_offsets-32 with topic id Some(fg2oiDDySsuu-0frRF1l5A) starts at leader epoch 2 from offset 0 with partition epoch 2, high watermark 0, ISR [1], adding replicas [] and removing replicas [] . Previous leader Some(-1) and previous leader epoch was 1. (state.change.logger)
[2025-05-07 18:33:19,500] INFO [Broker id=1] Leader __consumer_offsets-28 with topic id Some(fg2oiDDySsuu-0frRF1l5A) starts at leader epoch 2 from offset 0 with partition epoch 2, high watermark 0, ISR [1], adding replicas [] and removing replicas [] . Previous leader Some(-1) and previous leader epoch was 1. (state.change.logger)
[2025-05-07 18:33:19,504] INFO [Broker id=1] Leader __consumer_offsets-7 with topic id Some(fg2oiDDySsuu-0frRF1l5A) starts at leader epoch 2 from offset 0 with partition epoch 2, high watermark 0, ISR [1], adding replicas [] and removing replicas [] . Previous leader Some(-1) and previous leader epoch was 1. (state.change.logger)
[2025-05-07 18:33:19,509] INFO [Broker id=1] Leader __consumer_offsets-40 with topic id Some(fg2oiDDySsuu-0frRF1l5A) starts at leader epoch 2 from offset 7 with partition epoch 2, high watermark 7, ISR [1], adding replicas [] and removing replicas [] . Previous leader Some(-1) and previous leader epoch was 1. (state.change.logger)
[2025-05-07 18:33:19,513] INFO [Broker id=1] Leader __consumer_offsets-3 with topic id Some(fg2oiDDySsuu-0frRF1l5A) starts at leader epoch 2 from offset 0 with partition epoch 2, high watermark 0, ISR [1], adding replicas [] and removing replicas [] . Previous leader Some(-1) and previous leader epoch was 1. (state.change.logger)
[2025-05-07 18:33:19,517] INFO [Broker id=1] Leader __consumer_offsets-36 with topic id Some(fg2oiDDySsuu-0frRF1l5A) starts at leader epoch 2 from offset 0 with partition epoch 2, high watermark 0, ISR [1], adding replicas [] and removing replicas [] . Previous leader Some(-1) and previous leader epoch was 1. (state.change.logger)
[2025-05-07 18:33:19,521] INFO [Broker id=1] Leader __consumer_offsets-47 with topic id Some(fg2oiDDySsuu-0frRF1l5A) starts at leader epoch 2 from offset 0 with partition epoch 2, high watermark 0, ISR [1], adding replicas [] and removing replicas [] . Previous leader Some(-1) and previous leader epoch was 1. (state.change.logger)
[2025-05-07 18:33:19,525] INFO [Broker id=1] Leader __consumer_offsets-14 with topic id Some(fg2oiDDySsuu-0frRF1l5A) starts at leader epoch 2 from offset 0 with partition epoch 2, high watermark 0, ISR [1], adding replicas [] and removing replicas [] . Previous leader Some(-1) and previous leader epoch was 1. (state.change.logger)
[2025-05-07 18:33:19,529] INFO [Broker id=1] Leader __consumer_offsets-43 with topic id Some(fg2oiDDySsuu-0frRF1l5A) starts at leader epoch 2 from offset 0 with partition epoch 2, high watermark 0, ISR [1], adding replicas [] and removing replicas [] . Previous leader Some(-1) and previous leader epoch was 1. (state.change.logger)
[2025-05-07 18:33:19,533] INFO [Broker id=1] Leader __consumer_offsets-10 with topic id Some(fg2oiDDySsuu-0frRF1l5A) starts at leader epoch 2 from offset 0 with partition epoch 2, high watermark 0, ISR [1], adding replicas [] and removing replicas [] . Previous leader Some(-1) and previous leader epoch was 1. (state.change.logger)
[2025-05-07 18:33:19,537] INFO [Broker id=1] Leader __consumer_offsets-22 with topic id Some(fg2oiDDySsuu-0frRF1l5A) starts at leader epoch 2 from offset 0 with partition epoch 2, high watermark 0, ISR [1], adding replicas [] and removing replicas [] . Previous leader Some(-1) and previous leader epoch was 1. (state.change.logger)
[2025-05-07 18:33:19,542] INFO [Broker id=1] Leader __consumer_offsets-18 with topic id Some(fg2oiDDySsuu-0frRF1l5A) starts at leader epoch 2 from offset 0 with partition epoch 2, high watermark 0, ISR [1], adding replicas [] and removing replicas [] . Previous leader Some(-1) and previous leader epoch was 1. (state.change.logger)
[2025-05-07 18:33:19,546] INFO [Broker id=1] Leader __consumer_offsets-31 with topic id Some(fg2oiDDySsuu-0frRF1l5A) starts at leader epoch 2 from offset 0 with partition epoch 2, high watermark 0, ISR [1], adding replicas [] and removing replicas [] . Previous leader Some(-1) and previous leader epoch was 1. (state.change.logger)
[2025-05-07 18:33:19,550] INFO [Broker id=1] Leader __consumer_offsets-27 with topic id Some(fg2oiDDySsuu-0frRF1l5A) starts at leader epoch 2 from offset 0 with partition epoch 2, high watermark 0, ISR [1], adding replicas [] and removing replicas [] . Previous leader Some(-1) and previous leader epoch was 1. (state.change.logger)
[2025-05-07 18:33:19,554] INFO [Broker id=1] Leader __consumer_offsets-39 with topic id Some(fg2oiDDySsuu-0frRF1l5A) starts at leader epoch 2 from offset 2 with partition epoch 2, high watermark 2, ISR [1], adding replicas [] and removing replicas [] . Previous leader Some(-1) and previous leader epoch was 1. (state.change.logger)
[2025-05-07 18:33:19,557] INFO [Broker id=1] Leader __consumer_offsets-6 with topic id Some(fg2oiDDySsuu-0frRF1l5A) starts at leader epoch 2 from offset 0 with partition epoch 2, high watermark 0, ISR [1], adding replicas [] and removing replicas [] . Previous leader Some(-1) and previous leader epoch was 1. (state.change.logger)
[2025-05-07 18:33:19,561] INFO [Broker id=1] Leader __consumer_offsets-35 with topic id Some(fg2oiDDySsuu-0frRF1l5A) starts at leader epoch 2 from offset 0 with partition epoch 2, high watermark 0, ISR [1], adding replicas [] and removing replicas [] . Previous leader Some(-1) and previous leader epoch was 1. (state.change.logger)
[2025-05-07 18:33:19,565] INFO [Broker id=1] Leader __consumer_offsets-2 with topic id Some(fg2oiDDySsuu-0frRF1l5A) starts at leader epoch 2 from offset 0 with partition epoch 2, high watermark 0, ISR [1], adding replicas [] and removing replicas [] . Previous leader Some(-1) and previous leader epoch was 1. (state.change.logger)
[2025-05-07 18:44:02,248] INFO [Broker id=1] Transitioning 52 partition(s) to local followers. (state.change.logger)
[2025-05-07 18:44:02,249] INFO [Broker id=1] Follower __consumer_offsets-13 starts at leader epoch 3 from offset 0 with partition epoch 3 and high watermark 0. Current leader is -1. Previous leader Some(-1) and previous leader epoch was 3. (state.change.logger)
[2025-05-07 18:44:02,249] INFO [Broker id=1] Follower __consumer_offsets-46 starts at leader epoch 3 from offset 0 with partition epoch 3 and high watermark 0. Current leader is -1. Previous leader Some(-1) and previous leader epoch was 3. (state.change.logger)
[2025-05-07 18:44:02,249] INFO [Broker id=1] Follower __consumer_offsets-9 starts at leader epoch 3 from offset 0 with partition epoch 3 and high watermark 0. Current leader is -1. Previous leader Some(-1) and previous leader epoch was 3. (state.change.logger)
[2025-05-07 18:44:02,249] INFO [Broker id=1] Follower __consumer_offsets-42 starts at leader epoch 3 from offset 0 with partition epoch 3 and high watermark 0. Current leader is -1. Previous leader Some(-1) and previous leader epoch was 3. (state.change.logger)
[2025-05-07 18:44:02,249] INFO [Broker id=1] Follower __consumer_offsets-21 starts at leader epoch 3 from offset 0 with partition epoch 3 and high watermark 0. Current leader is -1. Previous leader Some(-1) and previous leader epoch was 3. (state.change.logger)
[2025-05-07 18:44:02,249] INFO [Broker id=1] Follower transactions-output-0 starts at leader epoch 3 from offset 6 with partition epoch 3 and high watermark 6. Current leader is -1. Previous leader Some(-1) and previous leader epoch was 3. (state.change.logger)
[2025-05-07 18:44:02,249] INFO [Broker id=1] Follower __consumer_offsets-17 starts at leader epoch 3 from offset 0 with partition epoch 3 and high watermark 0. Current leader is -1. Previous leader Some(-1) and previous leader epoch was 3. (state.change.logger)
[2025-05-07 18:44:02,250] INFO [Broker id=1] Follower __consumer_offsets-30 starts at leader epoch 3 from offset 0 with partition epoch 3 and high watermark 0. Current leader is -1. Previous leader Some(-1) and previous leader epoch was 3. (state.change.logger)
[2025-05-07 18:44:02,250] INFO [Broker id=1] Follower __consumer_offsets-26 starts at leader epoch 3 from offset 0 with partition epoch 3 and high watermark 0. Current leader is -1. Previous leader Some(-1) and previous leader epoch was 3. (state.change.logger)
[2025-05-07 18:44:02,250] INFO [Broker id=1] Follower __consumer_offsets-5 starts at leader epoch 3 from offset 0 with partition epoch 3 and high watermark 0. Current leader is -1. Previous leader Some(-1) and previous leader epoch was 3. (state.change.logger)
[2025-05-07 18:44:02,250] INFO [Broker id=1] Follower __consumer_offsets-38 starts at leader epoch 3 from offset 0 with partition epoch 3 and high watermark 0. Current leader is -1. Previous leader Some(-1) and previous leader epoch was 3. (state.change.logger)
[2025-05-07 18:44:02,250] INFO [Broker id=1] Follower __consumer_offsets-1 starts at leader epoch 3 from offset 0 with partition epoch 3 and high watermark 0. Current leader is -1. Previous leader Some(-1) and previous leader epoch was 3. (state.change.logger)
[2025-05-07 18:44:02,250] INFO [Broker id=1] Follower __consumer_offsets-34 starts at leader epoch 3 from offset 0 with partition epoch 3 and high watermark 0. Current leader is -1. Previous leader Some(-1) and previous leader epoch was 3. (state.change.logger)
[2025-05-07 18:44:02,250] INFO [Broker id=1] Follower __consumer_offsets-16 starts at leader epoch 3 from offset 0 with partition epoch 3 and high watermark 0. Current leader is -1. Previous leader Some(-1) and previous leader epoch was 3. (state.change.logger)
[2025-05-07 18:44:02,250] INFO [Broker id=1] Follower __consumer_offsets-45 starts at leader epoch 3 from offset 0 with partition epoch 3 and high watermark 0. Current leader is -1. Previous leader Some(-1) and previous leader epoch was 3. (state.change.logger)
[2025-05-07 18:44:02,250] INFO [Broker id=1] Follower __consumer_offsets-12 starts at leader epoch 3 from offset 0 with partition epoch 3 and high watermark 0. Current leader is -1. Previous leader Some(-1) and previous leader epoch was 3. (state.change.logger)
[2025-05-07 18:44:02,251] INFO [Broker id=1] Follower __consumer_offsets-41 starts at leader epoch 3 from offset 0 with partition epoch 3 and high watermark 0. Current leader is -1. Previous leader Some(-1) and previous leader epoch was 3. (state.change.logger)
[2025-05-07 18:44:02,251] INFO [Broker id=1] Follower __consumer_offsets-24 starts at leader epoch 3 from offset 0 with partition epoch 3 and high watermark 0. Current leader is -1. Previous leader Some(-1) and previous leader epoch was 3. (state.change.logger)
[2025-05-07 18:44:02,251] INFO [Broker id=1] Follower __consumer_offsets-20 starts at leader epoch 3 from offset 0 with partition epoch 3 and high watermark 0. Current leader is -1. Previous leader Some(-1) and previous leader epoch was 3. (state.change.logger)
[2025-05-07 18:44:02,251] INFO [Broker id=1] Follower __consumer_offsets-49 starts at leader epoch 3 from offset 0 with partition epoch 3 and high watermark 0. Current leader is -1. Previous leader Some(-1) and previous leader epoch was 3. (state.change.logger)
[2025-05-07 18:44:02,251] INFO [Broker id=1] Follower __consumer_offsets-0 starts at leader epoch 3 from offset 0 with partition epoch 3 and high watermark 0. Current leader is -1. Previous leader Some(-1) and previous leader epoch was 3. (state.change.logger)
[2025-05-07 18:44:02,251] INFO [Broker id=1] Follower __consumer_offsets-29 starts at leader epoch 3 from offset 0 with partition epoch 3 and high watermark 0. Current leader is -1. Previous leader Some(-1) and previous leader epoch was 3. (state.change.logger)
[2025-05-07 18:44:02,251] INFO [Broker id=1] Follower transactions-input-0 starts at leader epoch 3 from offset 7 with partition epoch 3 and high watermark 7. Current leader is -1. Previous leader Some(-1) and previous leader epoch was 3. (state.change.logger)
[2025-05-07 18:44:02,251] INFO [Broker id=1] Follower __consumer_offsets-25 starts at leader epoch 3 from offset 0 with partition epoch 3 and high watermark 0. Current leader is -1. Previous leader Some(-1) and previous leader epoch was 3. (state.change.logger)
[2025-05-07 18:44:02,251] INFO [Broker id=1] Follower __consumer_offsets-8 starts at leader epoch 3 from offset 0 with partition epoch 3 and high watermark 0. Current leader is -1. Previous leader Some(-1) and previous leader epoch was 3. (state.change.logger)
[2025-05-07 18:44:02,252] INFO [Broker id=1] Follower __consumer_offsets-37 starts at leader epoch 3 from offset 0 with partition epoch 3 and high watermark 0. Current leader is -1. Previous leader Some(-1) and previous leader epoch was 3. (state.change.logger)
[2025-05-07 18:44:02,252] INFO [Broker id=1] Follower __consumer_offsets-4 starts at leader epoch 3 from offset 0 with partition epoch 3 and high watermark 0. Current leader is -1. Previous leader Some(-1) and previous leader epoch was 3. (state.change.logger)
[2025-05-07 18:44:02,252] INFO [Broker id=1] Follower __consumer_offsets-33 starts at leader epoch 3 from offset 0 with partition epoch 3 and high watermark 0. Current leader is -1. Previous leader Some(-1) and previous leader epoch was 3. (state.change.logger)
[2025-05-07 18:44:02,252] INFO [Broker id=1] Follower __consumer_offsets-15 starts at leader epoch 3 from offset 0 with partition epoch 3 and high watermark 0. Current leader is -1. Previous leader Some(-1) and previous leader epoch was 3. (state.change.logger)
[2025-05-07 18:44:02,252] INFO [Broker id=1] Follower __consumer_offsets-48 starts at leader epoch 3 from offset 0 with partition epoch 3 and high watermark 0. Current leader is -1. Previous leader Some(-1) and previous leader epoch was 3. (state.change.logger)
[2025-05-07 18:44:02,252] INFO [Broker id=1] Follower __consumer_offsets-11 starts at leader epoch 3 from offset 0 with partition epoch 3 and high watermark 0. Current leader is -1. Previous leader Some(-1) and previous leader epoch was 3. (state.change.logger)
[2025-05-07 18:44:02,252] INFO [Broker id=1] Follower __consumer_offsets-44 starts at leader epoch 3 from offset 0 with partition epoch 3 and high watermark 0. Current leader is -1. Previous leader Some(-1) and previous leader epoch was 3. (state.change.logger)
[2025-05-07 18:44:02,252] INFO [Broker id=1] Follower __consumer_offsets-23 starts at leader epoch 3 from offset 0 with partition epoch 3 and high watermark 0. Current leader is -1. Previous leader Some(-1) and previous leader epoch was 3. (state.change.logger)
[2025-05-07 18:44:02,252] INFO [Broker id=1] Follower __consumer_offsets-19 starts at leader epoch 3 from offset 0 with partition epoch 3 and high watermark 0. Current leader is -1. Previous leader Some(-1) and previous leader epoch was 3. (state.change.logger)
[2025-05-07 18:44:02,253] INFO [Broker id=1] Follower __consumer_offsets-32 starts at leader epoch 3 from offset 0 with partition epoch 3 and high watermark 0. Current leader is -1. Previous leader Some(-1) and previous leader epoch was 3. (state.change.logger)
[2025-05-07 18:44:02,253] INFO [Broker id=1] Follower __consumer_offsets-28 starts at leader epoch 3 from offset 0 with partition epoch 3 and high watermark 0. Current leader is -1. Previous leader Some(-1) and previous leader epoch was 3. (state.change.logger)
[2025-05-07 18:44:02,253] INFO [Broker id=1] Follower __consumer_offsets-7 starts at leader epoch 3 from offset 0 with partition epoch 3 and high watermark 0. Current leader is -1. Previous leader Some(-1) and previous leader epoch was 3. (state.change.logger)
[2025-05-07 18:44:02,253] INFO [Broker id=1] Follower __consumer_offsets-40 starts at leader epoch 3 from offset 8 with partition epoch 3 and high watermark 8. Current leader is -1. Previous leader Some(-1) and previous leader epoch was 3. (state.change.logger)
[2025-05-07 18:44:02,253] INFO [Broker id=1] Follower __consumer_offsets-3 starts at leader epoch 3 from offset 0 with partition epoch 3 and high watermark 0. Current leader is -1. Previous leader Some(-1) and previous leader epoch was 3. (state.change.logger)
[2025-05-07 18:44:02,253] INFO [Broker id=1] Follower __consumer_offsets-36 starts at leader epoch 3 from offset 0 with partition epoch 3 and high watermark 0. Current leader is -1. Previous leader Some(-1) and previous leader epoch was 3. (state.change.logger)
[2025-05-07 18:44:02,253] INFO [Broker id=1] Follower __consumer_offsets-47 starts at leader epoch 3 from offset 0 with partition epoch 3 and high watermark 0. Current leader is -1. Previous leader Some(-1) and previous leader epoch was 3. (state.change.logger)
[2025-05-07 18:44:02,253] INFO [Broker id=1] Follower __consumer_offsets-14 starts at leader epoch 3 from offset 0 with partition epoch 3 and high watermark 0. Current leader is -1. Previous leader Some(-1) and previous leader epoch was 3. (state.change.logger)
[2025-05-07 18:44:02,253] INFO [Broker id=1] Follower __consumer_offsets-43 starts at leader epoch 3 from offset 3 with partition epoch 3 and high watermark 3. Current leader is -1. Previous leader Some(-1) and previous leader epoch was 3. (state.change.logger)
[2025-05-07 18:44:02,254] INFO [Broker id=1] Follower __consumer_offsets-10 starts at leader epoch 3 from offset 0 with partition epoch 3 and high watermark 0. Current leader is -1. Previous leader Some(-1) and previous leader epoch was 3. (state.change.logger)
[2025-05-07 18:44:02,254] INFO [Broker id=1] Follower __consumer_offsets-22 starts at leader epoch 3 from offset 0 with partition epoch 3 and high watermark 0. Current leader is -1. Previous leader Some(-1) and previous leader epoch was 3. (state.change.logger)
[2025-05-07 18:44:02,254] INFO [Broker id=1] Follower __consumer_offsets-18 starts at leader epoch 3 from offset 0 with partition epoch 3 and high watermark 0. Current leader is -1. Previous leader Some(-1) and previous leader epoch was 3. (state.change.logger)
[2025-05-07 18:44:02,254] INFO [Broker id=1] Follower __consumer_offsets-31 starts at leader epoch 3 from offset 0 with partition epoch 3 and high watermark 0. Current leader is -1. Previous leader Some(-1) and previous leader epoch was 3. (state.change.logger)
[2025-05-07 18:44:02,254] INFO [Broker id=1] Follower __consumer_offsets-27 starts at leader epoch 3 from offset 0 with partition epoch 3 and high watermark 0. Current leader is -1. Previous leader Some(-1) and previous leader epoch was 3. (state.change.logger)
[2025-05-07 18:44:02,254] INFO [Broker id=1] Follower __consumer_offsets-39 starts at leader epoch 3 from offset 4 with partition epoch 3 and high watermark 4. Current leader is -1. Previous leader Some(-1) and previous leader epoch was 3. (state.change.logger)
[2025-05-07 18:44:02,254] INFO [Broker id=1] Follower __consumer_offsets-6 starts at leader epoch 3 from offset 0 with partition epoch 3 and high watermark 0. Current leader is -1. Previous leader Some(-1) and previous leader epoch was 3. (state.change.logger)
[2025-05-07 18:44:02,254] INFO [Broker id=1] Follower __consumer_offsets-35 starts at leader epoch 3 from offset 0 with partition epoch 3 and high watermark 0. Current leader is -1. Previous leader Some(-1) and previous leader epoch was 3. (state.change.logger)
[2025-05-07 18:44:02,254] INFO [Broker id=1] Follower __consumer_offsets-2 starts at leader epoch 3 from offset 0 with partition epoch 3 and high watermark 0. Current leader is -1. Previous leader Some(-1) and previous leader epoch was 3. (state.change.logger)
[2025-05-07 18:44:02,260] INFO [Broker id=1] Stopped fetchers as part of controlled shutdown for 52 partitions (state.change.logger)
